build/app/outputs/mapping/release/usage.txt
androidx.fragment.app.FragmentTransitionCompat21
kotlin.jvm.JvmClassMappingKt
kotlin.collections.ArraysKt___ArraysKt$asSequence$$inlined$Sequence$6
androidx.core.R$layout
androidx.lifecycle.Transformations$2
androidx.lifecycle.ReflectiveGenericLifecycleObserver:
    void <init>(java.lang.Object)
androidx.core.app.ShareCompat$IntentReader
kotlin.BuilderInference
androidx.annotation.MainThread
kotlin.jdk7.AutoCloseableKt
io.flutter.app.FlutterActivity
kotlin.LazyKt__LazyKt
kotlin.HashCodeKt
androidx.core.app.BundleCompat$BundleCompatBaseImpl
androidx.core.os.EnvironmentCompat
kotlin.math.MathKt__MathJVMKt
io.flutter.embedding.engine.systemchannels.NavigationChannel:
    public void setMethodCallHandler(io.flutter.plugin.common.MethodChannel$MethodCallHandler)
    private static final java.lang.String TAG
kotlin.sequences.EmptySequence
kotlin.text.StringsKt__StringNumberConversionsJVMKt
io.flutter.embedding.android.FlutterView:
    public void <init>(android.content.Context)
    public void <init>(android.content.Context,io.flutter.embedding.android.FlutterView$RenderMode)
    public void <init>(android.content.Context,io.flutter.embedding.android.FlutterView$TransparencyMode)
    public void <init>(android.content.Context,io.flutter.embedding.android.FlutterImageView)
    public void <init>(android.content.Context,android.util.AttributeSet)
    public void <init>(android.content.Context,io.flutter.embedding.android.FlutterView$RenderMode,io.flutter.embedding.android.FlutterView$TransparencyMode)
    private void <init>(android.content.Context,android.util.AttributeSet,io.flutter.embedding.android.FlutterImageView)
    private static final java.lang.String TAG
kotlin.sequences.SequencesKt___SequencesKt$zipWithNext$1
androidx.core.widget.TintableCompoundDrawablesView
kotlin.jvm.functions.FunctionN
androidx.core.text.BidiFormatter$Builder
io.flutter.embedding.engine.mutatorsstack.FlutterMutatorView:
    public void <init>(android.content.Context)
androidx.viewpager.widget.ViewPager$SavedState$1
kotlin.collections.MapWithDefaultImpl
kotlin.random.RandomKt
kotlin.jvm.internal.PropertyReference1
io.flutter.embedding.android.FlutterFragmentActivity$CachedEngineIntentBuilder
kotlin.UNumbersKt
io.flutter.plugin.common.BasicMessageChannel:
    static void resizeChannelBuffer(io.flutter.plugin.common.BinaryMessenger,java.lang.String,int)
    public void resizeChannelBuffer(int)
    private static final java.lang.String TAG
    public static final java.lang.String CHANNEL_BUFFERS_CHANNEL
kotlin.sequences.TakeWhileSequence
androidx.core.telephony.mbms.MbmsHelper
androidx.fragment.app.FragmentManagerImpl$FragmentLifecycleCallbacksHolder
androidx.lifecycle.LiveData$ObserverWrapper:
    void <init>(androidx.lifecycle.LiveData,androidx.lifecycle.Observer)
    abstract boolean shouldBeActive()
    boolean isAttachedTo(androidx.lifecycle.LifecycleOwner)
    void detachObserver()
    int mLastVersion
kotlin.coroutines.experimental.jvm.internal.CoroutineImpl
kotlin.sequences.SequencesKt___SequencesKt$asIterable$$inlined$Iterable$1
kotlin.SafePublicationLazyImpl$Companion
kotlin.properties.ObservableProperty
kotlin.jvm.internal.StringCompanionObject
androidx.core.view.inputmethod.InputContentInfoCompat$InputContentInfoCompatApi25Impl
androidx.loader.content.ModernAsyncTask$4
kotlin.collections.MapsKt__MapsJVMKt
kotlin.PreconditionsKt__PreconditionsKt
androidx.annotation.NonNull
androidx.viewpager.widget.ViewPager$PageTransformer
kotlin.properties.Delegates$observable$1
androidx.core.R$string
kotlin.coroutines.experimental.migration.ExperimentalSuspendFunction2Migration
androidx.core.view.accessibility.AccessibilityManagerCompat$TouchExplorationStateChangeListener
androidx.arch.core.executor.DefaultTaskExecutor$1
kotlin.collections.ArraysKt___ArraysKt$withIndex$8
androidx.core.util.Pools$SimplePool
androidx.core.text.TextDirectionHeuristicsCompat$TextDirectionHeuristicImpl
androidx.core.text.util.LinkifyCompat